actionid: tox
msg: packaging
cmdargs: ['/usr/bin/python3', local('/home/omar/Documents/flask_stateless_auth/setup.py'), 'sdist', '--formats=zip', '--dist-dir', local('/home/omar/Documents/flask_stateless_auth/.tox/dist')]
env: None

running sdist
running egg_info
writing flask_stateless_auth.egg-info/PKG-INFO
writing dependency_links to flask_stateless_auth.egg-info/dependency_links.txt
writing requirements to flask_stateless_auth.egg-info/requires.txt
writing top-level names to flask_stateless_auth.egg-info/top_level.txt
reading manifest file 'flask_stateless_auth.egg-info/SOURCES.txt'
reading manifest template 'MANIFEST.in'
writing manifest file 'flask_stateless_auth.egg-info/SOURCES.txt'
running check
creating flask-stateless-auth-0.0.15
creating flask-stateless-auth-0.0.15/flask_stateless_auth
creating flask-stateless-auth-0.0.15/flask_stateless_auth.egg-info
creating flask-stateless-auth-0.0.15/tests
copying files to flask-stateless-auth-0.0.15...
copying MANIFEST.in -> flask-stateless-auth-0.0.15
copying README.md -> flask-stateless-auth-0.0.15
copying setup.cfg -> flask-stateless-auth-0.0.15
copying setup.py -> flask-stateless-auth-0.0.15
copying flask_stateless_auth/__init__.py -> flask-stateless-auth-0.0.15/flask_stateless_auth
copying flask_stateless_auth.egg-info/PKG-INFO -> flask-stateless-auth-0.0.15/flask_stateless_auth.egg-info
copying flask_stateless_auth.egg-info/SOURCES.txt -> flask-stateless-auth-0.0.15/flask_stateless_auth.egg-info
copying flask_stateless_auth.egg-info/dependency_links.txt -> flask-stateless-auth-0.0.15/flask_stateless_auth.egg-info
copying flask_stateless_auth.egg-info/requires.txt -> flask-stateless-auth-0.0.15/flask_stateless_auth.egg-info
copying flask_stateless_auth.egg-info/top_level.txt -> flask-stateless-auth-0.0.15/flask_stateless_auth.egg-info
copying tests/__init__.py -> flask-stateless-auth-0.0.15/tests
copying tests/app_example.py -> flask-stateless-auth-0.0.15/tests
copying tests/test_app.py -> flask-stateless-auth-0.0.15/tests
Writing flask-stateless-auth-0.0.15/setup.cfg
creating '.tox/dist/flask-stateless-auth-0.0.15.zip' and adding 'flask-stateless-auth-0.0.15' to it
adding 'flask-stateless-auth-0.0.15/MANIFEST.in'
adding 'flask-stateless-auth-0.0.15/README.md'
adding 'flask-stateless-auth-0.0.15/setup.py'
adding 'flask-stateless-auth-0.0.15/PKG-INFO'
adding 'flask-stateless-auth-0.0.15/setup.cfg'
adding 'flask-stateless-auth-0.0.15/flask_stateless_auth.egg-info/dependency_links.txt'
adding 'flask-stateless-auth-0.0.15/flask_stateless_auth.egg-info/requires.txt'
adding 'flask-stateless-auth-0.0.15/flask_stateless_auth.egg-info/SOURCES.txt'
adding 'flask-stateless-auth-0.0.15/flask_stateless_auth.egg-info/PKG-INFO'
adding 'flask-stateless-auth-0.0.15/flask_stateless_auth.egg-info/top_level.txt'
adding 'flask-stateless-auth-0.0.15/tests/app_example.py'
adding 'flask-stateless-auth-0.0.15/tests/test_app.py'
adding 'flask-stateless-auth-0.0.15/tests/__init__.py'
adding 'flask-stateless-auth-0.0.15/flask_stateless_auth/__init__.py'
removing 'flask-stateless-auth-0.0.15' (and everything under it)
